-------------------------------------------------------------------------------
Test set: SelenideTests.PageObjectFluent.Test
-------------------------------------------------------------------------------
Tests run: 1, Failures: 1, Errors: 0, Skipped: 0, Time elapsed: 6.375 s <<< FAILURE! - in SelenideTests.PageObjectFluent.Test
SelenideTests.PageObjectFluent.Test.registrationAndLoginTest  Time elapsed: 6.37 s  <<< FAILURE!
com.codeborne.selenide.ex.ElementNotFound: 
Element not found {By.xpath: //*[@id="userName"]}
Expected: exist
Screenshot: file:/D:/supertestProject/QA_JUnit5_Test/build/reports/tests/1666453731042.1.png
Page source: file:/D:/supertestProject/QA_JUnit5_Test/build/reports/tests/1666453731042.1.html
Timeout: 4 s.
Caused by: NoSuchElementException: no such element: Unable to locate element: {"method":"xpath","selector":"//*[@id="userName"]"}
	at SelenideTests.PageObjectFluent.Test.registrationAndLoginTest(Test.java:47)
Caused by: org.openqa.selenium.NoSuchElementException: 
no such element: Unable to locate element: {"method":"xpath","selector":"//*[@id="userName"]"}
  (Session info: chrome=106.0.5249.119)
For documentation on this error, please visit: https://selenium.dev/exceptions/#no_such_element
Build info: version: '4.0.0', revision: '3a21814679'
System info: host: 'DESKTOP-DUKNOIE', ip: '26.206.187.233', os.name: 'Windows 10', os.arch: 'amd64', os.version: '10.0', java.version: '11.0.11'
Driver info: org.openqa.selenium.chrome.ChromeDriver
Command: [5a85172a0587b8663fedccb08b388b3e, findElement {using=xpath, value=//*[@id="userName"]}]
Capabilities {acceptInsecureCerts: true, browserName: chrome, browserVersion: 106.0.5249.119, chrome: {chromedriverVersion: 106.0.5249.61 (511755355844..., userDataDir: C:\Users\maxli\AppData\Loca...}, goog:chromeOptions: {debuggerAddress: localhost:56828}, javascriptEnabled: true, networkConnectionEnabled: false, pageLoadStrategy: normal, platform: WINDOWS, platformName: WINDOWS, proxy: Proxy(), se:cdp: ws://localhost:56828/devtoo..., se:cdpVersion: 106.0.5249.119, setWindowRect: true, strictFileInteractability: false, timeouts: {implicit: 0, pageLoad: 300000, script: 30000}, unhandledPromptBehavior: accept, webauthn:extension:credBlob: true, webauthn:extension:largeBlob: true, webauthn:virtualAuthenticators: true}
Session ID: 5a85172a0587b8663fedccb08b388b3e
	at SelenideTests.PageObjectFluent.Test.registrationAndLoginTest(Test.java:47)

